\BOOKMARK [1][]{section.1}{1 基础知识}{}% 1
\BOOKMARK [2][]{subsection.1.1}{1.1 梯度}{section.1}% 2
\BOOKMARK [2][]{subsection.1.2}{1.2 散度}{section.1}% 3
\BOOKMARK [1][]{section.2}{2 预备知识}{}% 4
\BOOKMARK [2][]{subsection.2.1}{2.1 连续的曲面S}{section.2}% 5
\BOOKMARK [2][]{subsection.2.2}{2.2 离散的曲面Sh和网格Th}{section.2}% 6
\BOOKMARK [1][]{section.3}{3 曲面线性有限元}{}% 7
\BOOKMARK [1][]{section.4}{4 曲面高次元}{}% 8
\BOOKMARK [2][]{subsection.4.1}{4.1 符号说明}{section.4}% 9
\BOOKMARK [2][]{subsection.4.2}{4.2 h p和s之间关系}{section.4}% 10
\BOOKMARK [2][]{subsection.4.3}{4.3 S上曲面三角形的面积计算公式}{section.4}% 11
\BOOKMARK [2][]{subsection.4.4}{4.4 S上的导数计算}{section.4}% 12
\BOOKMARK [1][]{section.5}{5 自洽场模型及其数值算法}{}% 13
\BOOKMARK [2][]{subsection.5.1}{5.1 1.平均场理论}{section.5}% 14
\BOOKMARK [2][]{subsection.5.2}{5.2 2.共聚物及分类}{section.5}% 15
\BOOKMARK [2][]{subsection.5.3}{5.3 3.相分离}{section.5}% 16
\BOOKMARK [2][]{subsection.5.4}{5.4 4.两嵌段柔性链共聚物体系}{section.5}% 17
\BOOKMARK [2][]{subsection.5.5}{5.5\0405.PDE\040Solver}{section.5}% 18
\BOOKMARK [2][]{subsection.5.6}{5.6 6.自洽场迭代}{section.5}% 19
\BOOKMARK [1][]{section.6}{6 自适应网格加密}{}% 20
\BOOKMARK [2][]{subsection.6.1}{6.1 1.网格数据结构}{section.6}% 21
\BOOKMARK [2][]{subsection.6.2}{6.2 2.约定}{section.6}% 22
\BOOKMARK [2][]{subsection.6.3}{6.3 3.Tritree的数据结构}{section.6}% 23
\BOOKMARK [2][]{subsection.6.4}{6.4 4.加密算法}{section.6}% 24
\BOOKMARK [1][]{section.7}{7 自适应有限元方法}{}% 25
\BOOKMARK [2][]{subsection.7.1}{7.1 1.预备知识}{section.7}% 26
\BOOKMARK [2][]{subsection.7.2}{7.2 2.后验误差估计}{section.7}% 27
\BOOKMARK [2][]{subsection.7.3}{7.3 3.基于WAR的后验误差估计}{section.7}% 28
